<?xml version="1.0" encoding="UTF-8"?>
<!-- Generated by org.testng.reporters.JUnitReportReporter -->
<testsuite hostname="MBMNEWVDI007" failures="0" tests="5" name="com.runners.TestRunner" time="161.214" errors="4" timestamp="2026-04-02T11:34:02 IST" skipped="0">
  <testcase classname="com.runners.TestRunner" name="runScenario" time="51.067">
    <error message="Expected condition failed: waiting for visibility of element located by By.xpath: //span[contains(text(),&#039;Private Person&#039;)] (tried for 15 second(s) with 500 milliseconds interval)
Build info: version: &#039;4.16.1&#039;, revision: &#039;9b4c83354e&#039;
System info: os.name: &#039;Windows 11&#039;, os.arch: &#039;amd64&#039;, os.version: &#039;10.0&#039;, java.version: &#039;21.0.10&#039;
Driver info: org.openqa.selenium.chrome.ChromeDriver
Capabilities {acceptInsecureCerts: false, browserName: chrome, browserVersion: 146.0.7680.177, chrome: {chromedriverVersion: 146.0.7680.165 (4b989da09e1..., userDataDir: C:\Users\KARTHI~1.PAT\AppDa...}, fedcm:accounts: true, goog:chromeOptions: {debuggerAddress: localhost:50166}, goog:processID: 15512, networkConnectionEnabled: false, pageLoadStrategy: normal, platformName: windows, proxy: Proxy(), se:cdp: ws://localhost:50166/devtoo..., se:cdpVersion: 146.0.7680.177, setWindowRect: true, strictFileInteractability: false, timeouts: {implicit: 0, pageLoad: 300000, script: 30000}, unhandledPromptBehavior: dismiss and notify, webauthn:extension:credBlob: true, webauthn:extension:largeBlob: true, webauthn:extension:minPinLength: true, webauthn:extension:prf: true, webauthn:virtualAuthenticators: true}
Session ID: 9b2e094c139eb139c9fac2c9d4d108d6" type="org.openqa.selenium.TimeoutException">
      <![CDATA[org.openqa.selenium.TimeoutException: Expected condition failed: waiting for visibility of element located by By.xpath: //span[contains(text(),'Private Person')] (tried for 15 second(s) with 500 milliseconds interval)
Build info: version: '4.16.1', revision: '9b4c83354e'
System info: os.name: 'Windows 11', os.arch: 'amd64', os.version: '10.0', java.version: '21.0.10'
Driver info: org.openqa.selenium.chrome.ChromeDriver
Capabilities {acceptInsecureCerts: false, browserName: chrome, browserVersion: 146.0.7680.177, chrome: {chromedriverVersion: 146.0.7680.165 (4b989da09e1..., userDataDir: C:\Users\KARTHI~1.PAT\AppDa...}, fedcm:accounts: true, goog:chromeOptions: {debuggerAddress: localhost:50166}, goog:processID: 15512, networkConnectionEnabled: false, pageLoadStrategy: normal, platformName: windows, proxy: Proxy(), se:cdp: ws://localhost:50166/devtoo..., se:cdpVersion: 146.0.7680.177, setWindowRect: true, strictFileInteractability: false, timeouts: {implicit: 0, pageLoad: 300000, script: 30000}, unhandledPromptBehavior: dismiss and notify, webauthn:extension:credBlob: true, webauthn:extension:largeBlob: true, webauthn:extension:minPinLength: true, webauthn:extension:prf: true, webauthn:virtualAuthenticators: true}
Session ID: 9b2e094c139eb139c9fac2c9d4d108d6
at org.openqa.selenium.support.ui.WebDriverWait.timeoutException(WebDriverWait.java:84)
at org.openqa.selenium.support.ui.FluentWait.until(FluentWait.java:229)
at com.utils.SeleniumUtils.waitForElement(SeleniumUtils.java:28)
at com.pages.CustomerPage.selectLegalEntity(CustomerPage.java:165)
at com.stepdefinitions.CustomerSteps.newCustomerProfile(CustomerSteps.java:81)
at ✽.user creates new customer profile(file:///C:/Miles_automation/Miles_Automation-master/Miles_Automation-master/src/test/resources/features/CreateCustomer.feature:8)
]]>
    </error>
  </testcase> <!-- runScenario -->
  <testcase classname="com.runners.TestRunner" name="runScenario" time="35.103">
    <error message="stale element reference: stale element not found in the current frame
  (Session info: chrome=146.0.7680.177)
For documentation on this error, please visit: https://www.selenium.dev/documentation/webdriver/troubleshooting/errors#stale-element-reference-exception
Build info: version: &#039;4.16.1&#039;, revision: &#039;9b4c83354e&#039;
System info: os.name: &#039;Windows 11&#039;, os.arch: &#039;amd64&#039;, os.version: &#039;10.0&#039;, java.version: &#039;21.0.10&#039;
Driver info: org.openqa.selenium.chrome.ChromeDriver
Command: [205b020173272416eb93288b218e544e, clearElement {id=f.5AF33CB6E82CDB4BA0EE52C6F12A87C8.d.8C5FFC409A689C71ED90EC3FBFBD346C.e.331}]
Capabilities {acceptInsecureCerts: false, browserName: chrome, browserVersion: 146.0.7680.177, chrome: {chromedriverVersion: 146.0.7680.165 (4b989da09e1..., userDataDir: C:\Users\KARTHI~1.PAT\AppDa...}, fedcm:accounts: true, goog:chromeOptions: {debuggerAddress: localhost:54742}, goog:processID: 17344, networkConnectionEnabled: false, pageLoadStrategy: normal, platformName: windows, proxy: Proxy(), se:cdp: ws://localhost:54742/devtoo..., se:cdpVersion: 146.0.7680.177, setWindowRect: true, strictFileInteractability: false, timeouts: {implicit: 0, pageLoad: 300000, script: 30000}, unhandledPromptBehavior: dismiss and notify, webauthn:extension:credBlob: true, webauthn:extension:largeBlob: true, webauthn:extension:minPinLength: true, webauthn:extension:prf: true, webauthn:virtualAuthenticators: true}
Element: [[ChromeDriver: chrome on windows (205b020173272416eb93288b218e544e)] -&gt; xpath: //span[contains(text(),&#039;Trading Name&#039;)]/following::input[2]]
Session ID: 205b020173272416eb93288b218e544e" type="org.openqa.selenium.StaleElementReferenceException">
      <![CDATA[org.openqa.selenium.StaleElementReferenceException: stale element reference: stale element not found in the current frame
  (Session info: chrome=146.0.7680.177)
For documentation on this error, please visit: https://www.selenium.dev/documentation/webdriver/troubleshooting/errors#stale-element-reference-exception
Build info: version: '4.16.1', revision: '9b4c83354e'
System info: os.name: 'Windows 11', os.arch: 'amd64', os.version: '10.0', java.version: '21.0.10'
Driver info: org.openqa.selenium.chrome.ChromeDriver
Command: [205b020173272416eb93288b218e544e, clearElement {id=f.5AF33CB6E82CDB4BA0EE52C6F12A87C8.d.8C5FFC409A689C71ED90EC3FBFBD346C.e.331}]
Capabilities {acceptInsecureCerts: false, browserName: chrome, browserVersion: 146.0.7680.177, chrome: {chromedriverVersion: 146.0.7680.165 (4b989da09e1..., userDataDir: C:\Users\KARTHI~1.PAT\AppDa...}, fedcm:accounts: true, goog:chromeOptions: {debuggerAddress: localhost:54742}, goog:processID: 17344, networkConnectionEnabled: false, pageLoadStrategy: normal, platformName: windows, proxy: Proxy(), se:cdp: ws://localhost:54742/devtoo..., se:cdpVersion: 146.0.7680.177, setWindowRect: true, strictFileInteractability: false, timeouts: {implicit: 0, pageLoad: 300000, script: 30000}, unhandledPromptBehavior: dismiss and notify, webauthn:extension:credBlob: true, webauthn:extension:largeBlob: true, webauthn:extension:minPinLength: true, webauthn:extension:prf: true, webauthn:virtualAuthenticators: true}
Element: [[ChromeDriver: chrome on windows (205b020173272416eb93288b218e544e)] -> xpath: //span[contains(text(),'Trading Name')]/following::input[2]]
Session ID: 205b020173272416eb93288b218e544e
at java.base/jdk.internal.reflect.DirectConstructorHandleAccessor.newInstance(DirectConstructorHandleAccessor.java:62)
at java.base/java.lang.reflect.Constructor.newInstanceWithCaller(Constructor.java:502)
at java.base/java.lang.reflect.Constructor.newInstance(Constructor.java:486)
at org.openqa.selenium.remote.codec.w3c.W3CHttpResponseCodec.createException(W3CHttpResponseCodec.java:200)
at org.openqa.selenium.remote.codec.w3c.W3CHttpResponseCodec.decode(W3CHttpResponseCodec.java:133)
at org.openqa.selenium.remote.codec.w3c.W3CHttpResponseCodec.decode(W3CHttpResponseCodec.java:52)
at org.openqa.selenium.remote.HttpCommandExecutor.execute(HttpCommandExecutor.java:191)
at org.openqa.selenium.remote.service.DriverCommandExecutor.invokeExecute(DriverCommandExecutor.java:200)
at org.openqa.selenium.remote.service.DriverCommandExecutor.execute(DriverCommandExecutor.java:175)
at org.openqa.selenium.remote.RemoteWebDriver.execute(RemoteWebDriver.java:523)
at org.openqa.selenium.remote.RemoteWebElement.execute(RemoteWebElement.java:224)
at org.openqa.selenium.remote.RemoteWebElement.clear(RemoteWebElement.java:130)
at com.utils.SeleniumUtils.sendKeysToElement(SeleniumUtils.java:64)
at com.pages.HomePage.navigateToQuickNavigationWithCustomers(HomePage.java:202)
at com.stepdefinitions.HomeSteps.naviageToCustomerPage(HomeSteps.java:34)
at ✽.user navigates to Customers page by quick navigation(file:///C:/Miles_automation/Miles_Automation-master/Miles_Automation-master/src/test/resources/features/CreateLTC.feature:7)
]]>
    </error>
  </testcase> <!-- runScenario -->
  <testcase classname="com.runners.TestRunner" name="runScenario" time="44.759">
    <error message="invalid session id: session deleted as the browser has closed the connection
from disconnected: not connected to DevTools
  (Session info: chrome=146.0.7680.177)
Build info: version: &#039;4.16.1&#039;, revision: &#039;9b4c83354e&#039;
System info: os.name: &#039;Windows 11&#039;, os.arch: &#039;amd64&#039;, os.version: &#039;10.0&#039;, java.version: &#039;21.0.10&#039;
Driver info: org.openqa.selenium.chrome.ChromeDriver
Command: [19fdac59bffc004b9ca0f993c6deb74e, findElement {using=xpath, value=//input[@name=&#039;A13084&#039;]}]
Capabilities {acceptInsecureCerts: false, browserName: chrome, browserVersion: 146.0.7680.177, chrome: {chromedriverVersion: 146.0.7680.165 (4b989da09e1..., userDataDir: C:\Users\KARTHI~1.PAT\AppDa...}, fedcm:accounts: true, goog:chromeOptions: {debuggerAddress: localhost:51129}, goog:processID: 15400, networkConnectionEnabled: false, pageLoadStrategy: normal, platformName: windows, proxy: Proxy(), se:cdp: ws://localhost:51129/devtoo..., se:cdpVersion: 146.0.7680.177, setWindowRect: true, strictFileInteractability: false, timeouts: {implicit: 0, pageLoad: 300000, script: 30000}, unhandledPromptBehavior: dismiss and notify, webauthn:extension:credBlob: true, webauthn:extension:largeBlob: true, webauthn:extension:minPinLength: true, webauthn:extension:prf: true, webauthn:virtualAuthenticators: true}
Session ID: 19fdac59bffc004b9ca0f993c6deb74e" type="org.openqa.selenium.NoSuchSessionException">
      <![CDATA[org.openqa.selenium.NoSuchSessionException: invalid session id: session deleted as the browser has closed the connection
from disconnected: not connected to DevTools
  (Session info: chrome=146.0.7680.177)
Build info: version: '4.16.1', revision: '9b4c83354e'
System info: os.name: 'Windows 11', os.arch: 'amd64', os.version: '10.0', java.version: '21.0.10'
Driver info: org.openqa.selenium.chrome.ChromeDriver
Command: [19fdac59bffc004b9ca0f993c6deb74e, findElement {using=xpath, value=//input[@name='A13084']}]
Capabilities {acceptInsecureCerts: false, browserName: chrome, browserVersion: 146.0.7680.177, chrome: {chromedriverVersion: 146.0.7680.165 (4b989da09e1..., userDataDir: C:\Users\KARTHI~1.PAT\AppDa...}, fedcm:accounts: true, goog:chromeOptions: {debuggerAddress: localhost:51129}, goog:processID: 15400, networkConnectionEnabled: false, pageLoadStrategy: normal, platformName: windows, proxy: Proxy(), se:cdp: ws://localhost:51129/devtoo..., se:cdpVersion: 146.0.7680.177, setWindowRect: true, strictFileInteractability: false, timeouts: {implicit: 0, pageLoad: 300000, script: 30000}, unhandledPromptBehavior: dismiss and notify, webauthn:extension:credBlob: true, webauthn:extension:largeBlob: true, webauthn:extension:minPinLength: true, webauthn:extension:prf: true, webauthn:virtualAuthenticators: true}
Session ID: 19fdac59bffc004b9ca0f993c6deb74e
at java.base/jdk.internal.reflect.DirectConstructorHandleAccessor.newInstance(DirectConstructorHandleAccessor.java:62)
at java.base/java.lang.reflect.Constructor.newInstanceWithCaller(Constructor.java:502)
at java.base/java.lang.reflect.Constructor.newInstance(Constructor.java:486)
at org.openqa.selenium.remote.codec.w3c.W3CHttpResponseCodec.createException(W3CHttpResponseCodec.java:200)
at org.openqa.selenium.remote.codec.w3c.W3CHttpResponseCodec.decode(W3CHttpResponseCodec.java:133)
at org.openqa.selenium.remote.codec.w3c.W3CHttpResponseCodec.decode(W3CHttpResponseCodec.java:52)
at org.openqa.selenium.remote.HttpCommandExecutor.execute(HttpCommandExecutor.java:191)
at org.openqa.selenium.remote.service.DriverCommandExecutor.invokeExecute(DriverCommandExecutor.java:200)
at org.openqa.selenium.remote.service.DriverCommandExecutor.execute(DriverCommandExecutor.java:175)
at org.openqa.selenium.remote.RemoteWebDriver.execute(RemoteWebDriver.java:523)
at org.openqa.selenium.remote.ElementLocation$ElementFinder$2.findElement(ElementLocation.java:165)
at org.openqa.selenium.remote.ElementLocation.findElement(ElementLocation.java:59)
at org.openqa.selenium.remote.RemoteWebDriver.findElement(RemoteWebDriver.java:360)
at org.openqa.selenium.remote.RemoteWebDriver.findElement(RemoteWebDriver.java:354)
at org.openqa.selenium.support.ui.ExpectedConditions$7.apply(ExpectedConditions.java:194)
at org.openqa.selenium.support.ui.ExpectedConditions$7.apply(ExpectedConditions.java:190)
at org.openqa.selenium.support.ui.FluentWait.until(FluentWait.java:204)
at com.utils.SeleniumUtils.waitForElement(SeleniumUtils.java:28)
at com.utils.SeleniumUtils.sendKeysToElement(SeleniumUtils.java:69)
at com.pages.HomePage.navigateToModifyContract(HomePage.java:94)
at com.stepdefinitions.HomeSteps.modifyContract(HomeSteps.java:42)
at ✽.user modifies the contract(file:///C:/Miles_automation/Miles_Automation-master/Miles_Automation-master/src/test/resources/features/ModificationLTC.feature:10)
]]>
    </error>
  </testcase> <!-- runScenario -->
  <testcase classname="com.runners.TestRunner" name="runScenario" time="8.767"/>
  <testcase classname="com.runners.TestRunner" name="runScenario" time="21.518">
    <error message="element click intercepted: Element &lt;span style=&quot;vertical-align:middle;align-content:center;&quot;&gt;...&lt;/span&gt; is not clickable at point (1124, 193). Other element would receive the click: &lt;span style=&quot;position: absolute; top: 5px; left: 0px; display: block; float: left; overflow: hidden; text-overflow: ellipsis; text-align: left; width: 90%;&quot;&gt;...&lt;/span&gt;
  (Session info: chrome=146.0.7680.177)
Build info: version: &#039;4.16.1&#039;, revision: &#039;9b4c83354e&#039;
System info: os.name: &#039;Windows 11&#039;, os.arch: &#039;amd64&#039;, os.version: &#039;10.0&#039;, java.version: &#039;21.0.10&#039;
Driver info: org.openqa.selenium.chrome.ChromeDriver
Command: [7f5817fb085ccd29ee21be4693c095b5, clickElement {id=f.30B0EF0D059415629BD9AB2BD4304219.d.03C9F188047F06E917D7D9FA6C90F8AB.e.236}]
Capabilities {acceptInsecureCerts: false, browserName: chrome, browserVersion: 146.0.7680.177, chrome: {chromedriverVersion: 146.0.7680.165 (4b989da09e1..., userDataDir: C:\Users\KARTHI~1.PAT\AppDa...}, fedcm:accounts: true, goog:chromeOptions: {debuggerAddress: localhost:64022}, goog:processID: 15764, networkConnectionEnabled: false, pageLoadStrategy: normal, platformName: windows, proxy: Proxy(), se:cdp: ws://localhost:64022/devtoo..., se:cdpVersion: 146.0.7680.177, setWindowRect: true, strictFileInteractability: false, timeouts: {implicit: 0, pageLoad: 300000, script: 30000}, unhandledPromptBehavior: dismiss and notify, webauthn:extension:credBlob: true, webauthn:extension:largeBlob: true, webauthn:extension:minPinLength: true, webauthn:extension:prf: true, webauthn:virtualAuthenticators: true}
Element: [[ChromeDriver: chrome on windows (7f5817fb085ccd29ee21be4693c095b5)] -&gt; xpath: (//span[contains(text(),&#039;New&#039;)])[1]]
Session ID: 7f5817fb085ccd29ee21be4693c095b5" type="org.openqa.selenium.ElementClickInterceptedException">
      <![CDATA[org.openqa.selenium.ElementClickInterceptedException: element click intercepted: Element <span style="vertical-align:middle;align-content:center;">...</span> is not clickable at point (1124, 193). Other element would receive the click: <span style="position: absolute; top: 5px; left: 0px; display: block; float: left; overflow: hidden; text-overflow: ellipsis; text-align: left; width: 90%;">...</span>
  (Session info: chrome=146.0.7680.177)
Build info: version: '4.16.1', revision: '9b4c83354e'
System info: os.name: 'Windows 11', os.arch: 'amd64', os.version: '10.0', java.version: '21.0.10'
Driver info: org.openqa.selenium.chrome.ChromeDriver
Command: [7f5817fb085ccd29ee21be4693c095b5, clickElement {id=f.30B0EF0D059415629BD9AB2BD4304219.d.03C9F188047F06E917D7D9FA6C90F8AB.e.236}]
Capabilities {acceptInsecureCerts: false, browserName: chrome, browserVersion: 146.0.7680.177, chrome: {chromedriverVersion: 146.0.7680.165 (4b989da09e1..., userDataDir: C:\Users\KARTHI~1.PAT\AppDa...}, fedcm:accounts: true, goog:chromeOptions: {debuggerAddress: localhost:64022}, goog:processID: 15764, networkConnectionEnabled: false, pageLoadStrategy: normal, platformName: windows, proxy: Proxy(), se:cdp: ws://localhost:64022/devtoo..., se:cdpVersion: 146.0.7680.177, setWindowRect: true, strictFileInteractability: false, timeouts: {implicit: 0, pageLoad: 300000, script: 30000}, unhandledPromptBehavior: dismiss and notify, webauthn:extension:credBlob: true, webauthn:extension:largeBlob: true, webauthn:extension:minPinLength: true, webauthn:extension:prf: true, webauthn:virtualAuthenticators: true}
Element: [[ChromeDriver: chrome on windows (7f5817fb085ccd29ee21be4693c095b5)] -> xpath: (//span[contains(text(),'New')])[1]]
Session ID: 7f5817fb085ccd29ee21be4693c095b5
at java.base/jdk.internal.reflect.DirectConstructorHandleAccessor.newInstance(DirectConstructorHandleAccessor.java:62)
at java.base/java.lang.reflect.Constructor.newInstanceWithCaller(Constructor.java:502)
at java.base/java.lang.reflect.Constructor.newInstance(Constructor.java:486)
at org.openqa.selenium.remote.codec.w3c.W3CHttpResponseCodec.createException(W3CHttpResponseCodec.java:200)
at org.openqa.selenium.remote.codec.w3c.W3CHttpResponseCodec.decode(W3CHttpResponseCodec.java:133)
at org.openqa.selenium.remote.codec.w3c.W3CHttpResponseCodec.decode(W3CHttpResponseCodec.java:52)
at org.openqa.selenium.remote.HttpCommandExecutor.execute(HttpCommandExecutor.java:191)
at org.openqa.selenium.remote.service.DriverCommandExecutor.invokeExecute(DriverCommandExecutor.java:200)
at org.openqa.selenium.remote.service.DriverCommandExecutor.execute(DriverCommandExecutor.java:175)
at org.openqa.selenium.remote.RemoteWebDriver.execute(RemoteWebDriver.java:523)
at org.openqa.selenium.remote.RemoteWebElement.execute(RemoteWebElement.java:224)
at org.openqa.selenium.remote.RemoteWebElement.click(RemoteWebElement.java:77)
at java.base/jdk.internal.reflect.DirectMethodHandleAccessor.invoke(DirectMethodHandleAccessor.java:103)
at java.base/java.lang.reflect.Method.invoke(Method.java:580)
at org.openqa.selenium.support.pagefactory.internal.LocatingElementHandler.invoke(LocatingElementHandler.java:51)
at jdk.proxy2/jdk.proxy2.$Proxy28.click(Unknown Source)
at com.pages.SuppliersPage.navigateToNewCustomer(SuppliersPage.java:85)
at com.stepdefinitions.SuppliersSteps.naviageToCustomerPage(SuppliersSteps.java:24)
at ✽.user navigates to suppliers page(file:///C:/Miles_automation/Miles_Automation-master/Miles_Automation-master/src/test/resources/features/CreateSuppliers.feature:7)
]]>
    </error>
  </testcase> <!-- runScenario -->
</testsuite> <!-- com.runners.TestRunner -->
